{
  "$schema": "https://raw.githubusercontent.com/oasis-tcs/sarif-spec/master/Schemata/sarif-schema-2.1.0.json",
  "runs": [
    {
      "results": [
        {
          "level": "error",
          "locations": [
            {
              "physicalLocation": {
                "artifactLocation": {
                  "uri": "tests/fixtures/malicious/chaos-rat/PKGBUILD"
                },
                "region": {
                  "startLine": 21
                }
              }
            }
          ],
          "message": {
            "text": "Binary named like systemd component is suspicious. CHAOS RAT used 'systemd-initd'."
          },
          "ruleId": "PERSIST-006"
        },
        {
          "level": "error",
          "locations": [
            {
              "physicalLocation": {
                "artifactLocation": {
                  "uri": "tests/fixtures/malicious/chaos-rat/firefox-patch.install"
                },
                "region": {
                  "startLine": 5
                }
              }
            }
          ],
          "message": {
            "text": "Executing Python in post_install is suspicious. Used in July 2025 CHAOS RAT attack."
          },
          "ruleId": "INSTALL-001"
        },
        {
          "level": "error",
          "locations": [
            {
              "physicalLocation": {
                "artifactLocation": {
                  "uri": "tests/fixtures/malicious/chaos-rat/firefox-patch.install"
                },
                "region": {
                  "startLine": 8
                }
              }
            }
          ],
          "message": {
            "text": "Creating systemd services in install scripts enables persistence. Used in 2018 xeactor and 2025 CHAOS RAT attacks."
          },
          "ruleId": "PERSIST-001"
        },
        {
          "level": "error",
          "locations": [
            {
              "physicalLocation": {
                "artifactLocation": {
                  "uri": "tests/fixtures/malicious/chaos-rat/firefox-patch.install"
                },
                "region": {
                  "startLine": 23
                }
              }
            }
          ],
          "message": {
            "text": "Creating systemd services in install scripts enables persistence. Used in 2018 xeactor and 2025 CHAOS RAT attacks."
          },
          "ruleId": "PERSIST-001"
        },
        {
          "level": "error",
          "locations": [
            {
              "physicalLocation": {
                "artifactLocation": {
                  "uri": "tests/fixtures/malicious/chaos-rat/firefox-patch.install"
                },
                "region": {
                  "startLine": 24
                }
              }
            }
          ],
          "message": {
            "text": "Creating systemd services in install scripts enables persistence. Used in 2018 xeactor and 2025 CHAOS RAT attacks."
          },
          "ruleId": "PERSIST-001"
        },
        {
          "level": "error",
          "locations": [
            {
              "physicalLocation": {
                "artifactLocation": {
                  "uri": "tests/fixtures/malicious/chaos-rat/firefox-patch.install"
                },
                "region": {
                  "startLine": 25
                }
              }
            }
          ],
          "message": {
            "text": "Creating systemd services in install scripts enables persistence. Used in 2018 xeactor and 2025 CHAOS RAT attacks."
          },
          "ruleId": "PERSIST-001"
        },
        {
          "level": "error",
          "locations": [
            {
              "physicalLocation": {
                "artifactLocation": {
                  "uri": "tests/fixtures/malicious/chaos-rat/firefox-patch.install"
                },
                "region": {
                  "startLine": 15
                }
              }
            }
          ],
          "message": {
            "text": "Binary named like systemd component is suspicious. CHAOS RAT used 'systemd-initd'."
          },
          "ruleId": "PERSIST-006"
        },
        {
          "level": "note",
          "locations": [
            {
              "physicalLocation": {
                "artifactLocation": {
                  "uri": "tests/fixtures/malicious/chaos-rat/PKGBUILD"
                },
                "region": {
                  "startLine": 12
                }
              }
            }
          ],
          "message": {
            "text": "Package provides another package name, may be impersonating. CHAOS RAT used this technique."
          },
          "ruleId": "META-001"
        },
        {
          "level": "note",
          "locations": [
            {
              "physicalLocation": {
                "artifactLocation": {
                  "uri": "tests/fixtures/malicious/chaos-rat/PKGBUILD"
                },
                "region": {
                  "startLine": 1
                }
              }
            }
          ],
          "message": {
            "text": "Source #1 is a VCS checkout on a movable ref (branch/tag or none): git+https://github.com/danikpapas/zenbrowser-patch.git. Its content is not integrity-pinned and can change between scan and build."
          },
          "ruleId": "SRC-007"
        },
        {
          "level": "note",
          "locations": [
            {
              "physicalLocation": {
                "artifactLocation": {
                  "uri": "tests/fixtures/malicious/chaos-rat/PKGBUILD"
                },
                "region": {
                  "startLine": 1
                }
              }
            }
          ],
          "message": {
            "text": "Source #2 is a VCS checkout on a movable ref (branch/tag or none): git+https://github.com/attacker/malicious-patches.git. Its content is not integrity-pinned and can change between scan and build."
          },
          "ruleId": "SRC-007"
        }
      ],
      "tool": {
        "driver": {
          "informationUri": "https://github.com/kiefstudio/aur-security-scanner",
          "name": "aur-scan",
          "rules": [
            {
              "defaultConfiguration": {
                "level": "error"
              },
              "fullDescription": {
                "text": "Binary named like systemd component is suspicious. CHAOS RAT used 'systemd-initd'."
              },
              "help": {
                "text": "Verify this is a legitimate systemd component"
              },
              "id": "PERSIST-006",
              "name": "Systemd masquerading",
              "shortDescription": {
                "text": "Systemd masquerading"
              }
            },
            {
              "defaultConfiguration": {
                "level": "error"
              },
              "fullDescription": {
                "text": "Executing Python in post_install is suspicious. Used in July 2025 CHAOS RAT attack."
              },
              "help": {
                "text": "Install scripts should not execute Python code"
              },
              "id": "INSTALL-001",
              "name": "Python execution in install script (install script)",
              "shortDescription": {
                "text": "Python execution in install script (install script)"
              }
            },
            {
              "defaultConfiguration": {
                "level": "error"
              },
              "fullDescription": {
                "text": "Creating systemd services in install scripts enables persistence. Used in 2018 xeactor and 2025 CHAOS RAT attacks."
              },
              "help": {
                "text": "Services should be enabled by the user, not automatically"
              },
              "id": "PERSIST-001",
              "name": "Systemd service creation in install (install script)",
              "shortDescription": {
                "text": "Systemd service creation in install (install script)"
              }
            },
            {
              "defaultConfiguration": {
                "level": "error"
              },
              "fullDescription": {
                "text": "Creating systemd services in install scripts enables persistence. Used in 2018 xeactor and 2025 CHAOS RAT attacks."
              },
              "help": {
                "text": "Services should be enabled by the user, not automatically"
              },
              "id": "PERSIST-001",
              "name": "Systemd service creation in install (install script)",
              "shortDescription": {
                "text": "Systemd service creation in install (install script)"
              }
            },
            {
              "defaultConfiguration": {
                "level": "error"
              },
              "fullDescription": {
                "text": "Creating systemd services in install scripts enables persistence. Used in 2018 xeactor and 2025 CHAOS RAT attacks."
              },
              "help": {
                "text": "Services should be enabled by the user, not automatically"
              },
              "id": "PERSIST-001",
              "name": "Systemd service creation in install (install script)",
              "shortDescription": {
                "text": "Systemd service creation in install (install script)"
              }
            },
            {
              "defaultConfiguration": {
                "level": "error"
              },
              "fullDescription": {
                "text": "Creating systemd services in install scripts enables persistence. Used in 2018 xeactor and 2025 CHAOS RAT attacks."
              },
              "help": {
                "text": "Services should be enabled by the user, not automatically"
              },
              "id": "PERSIST-001",
              "name": "Systemd service creation in install (install script)",
              "shortDescription": {
                "text": "Systemd service creation in install (install script)"
              }
            },
            {
              "defaultConfiguration": {
                "level": "error"
              },
              "fullDescription": {
                "text": "Binary named like systemd component is suspicious. CHAOS RAT used 'systemd-initd'."
              },
              "help": {
                "text": "Verify this is a legitimate systemd component"
              },
              "id": "PERSIST-006",
              "name": "Systemd masquerading (install script)",
              "shortDescription": {
                "text": "Systemd masquerading (install script)"
              }
            },
            {
              "defaultConfiguration": {
                "level": "note"
              },
              "fullDescription": {
                "text": "Package provides another package name, may be impersonating. CHAOS RAT used this technique."
              },
              "help": {
                "text": "Verify this package is a legitimate alternative"
              },
              "id": "META-001",
              "name": "Provides impersonation",
              "shortDescription": {
                "text": "Provides impersonation"
              }
            },
            {
              "defaultConfiguration": {
                "level": "note"
              },
              "fullDescription": {
                "text": "Source #1 is a VCS checkout on a movable ref (branch/tag or none): git+https://github.com/danikpapas/zenbrowser-patch.git. Its content is not integrity-pinned and can change between scan and build."
              },
              "help": {
                "text": "Pin the VCS source to an immutable revision with #commit=<sha>."
              },
              "id": "SRC-007",
              "name": "VCS source not pinned to a commit",
              "shortDescription": {
                "text": "VCS source not pinned to a commit"
              }
            },
            {
              "defaultConfiguration": {
                "level": "note"
              },
              "fullDescription": {
                "text": "Source #2 is a VCS checkout on a movable ref (branch/tag or none): git+https://github.com/attacker/malicious-patches.git. Its content is not integrity-pinned and can change between scan and build."
              },
              "help": {
                "text": "Pin the VCS source to an immutable revision with #commit=<sha>."
              },
              "id": "SRC-007",
              "name": "VCS source not pinned to a commit",
              "shortDescription": {
                "text": "VCS source not pinned to a commit"
              }
            }
          ],
          "version": "1.1.0"
        }
      }
    }
  ],
  "version": "2.1.0"
}
