{
  "package_name": "systemhelper",
  "package_version": "1.0.0-1",
  "findings": [
    {
      "id": "META-003",
      "severity": "high",
      "category": "suspicious_metadata",
      "title": "Replaces/conflicts a core or security package",
      "description": "The package declares replaces=/conflicts= of trusted package(s): sudo, apparmor. This forces pacman to displace the official (often security-critical) package with this AUR build. Only that package's own -git/-bin alternate should do this.",
      "location": {
        "file": "tests/fixtures/malicious/supplychain-metadata/PKGBUILD",
        "line": null,
        "column": null,
        "snippet": "replaces/conflicts: sudo, apparmor"
      },
      "recommendation": "Remove the replaces/conflicts unless this package is the legitimate provider; report the package to the AUR maintainers.",
      "cwe_id": "CWE-1357",
      "metadata": {}
    },
    {
      "id": "DEP-001",
      "severity": "high",
      "category": "suspicious_metadata",
      "title": "Provides a core package name (dependency confusion)",
      "description": "The package declares provides= of trusted package name(s): sudo, openssh. A package that is not that package's own alternate can satisfy a dependency in its place and be pulled in transparently.",
      "location": {
        "file": "tests/fixtures/malicious/supplychain-metadata/PKGBUILD",
        "line": null,
        "column": null,
        "snippet": "provides: sudo, openssh"
      },
      "recommendation": "Remove the provides unless this is the legitimate provider; this is a dependency-confusion vector.",
      "cwe_id": "CWE-427",
      "metadata": {}
    },
    {
      "id": "META-004",
      "severity": "high",
      "category": "suspicious_metadata",
      "title": "epoch set (forces an upgrade over the repo version)",
      "description": "epoch=2 makes this package outrank the official package's version regardless of pkgver — and this package also provides/replaces a trusted name. epoch is legitimate for genuine versioning resets but, combined with provides/replaces of a trusted name, is a stealth force-upgrade.",
      "location": {
        "file": "tests/fixtures/malicious/supplychain-metadata/PKGBUILD",
        "line": null,
        "column": null,
        "snippet": "epoch=2"
      },
      "recommendation": "Confirm the epoch bump is a real upstream versioning reset, not a way to supersede the official package.",
      "cwe_id": null,
      "metadata": {}
    },
    {
      "id": "CHK-008",
      "severity": "medium",
      "category": "cryptography",
      "title": "Malformed or wrong-length checksum",
      "description": "One or more checksums are not valid hex of the expected length, so they cannot match the source and integrity verification is effectively disabled: sha256sums has a bad entry 'not-a-valid-…' (len 23).",
      "location": {
        "file": "tests/fixtures/malicious/supplychain-metadata/PKGBUILD",
        "line": null,
        "column": null,
        "snippet": null
      },
      "recommendation": "Regenerate the checksums with updpkgsums; a malformed hash silently disables integrity verification.",
      "cwe_id": "CWE-354",
      "metadata": {
        "malformed": [
          "sha256sums has a bad entry 'not-a-valid-…' (len 23)"
        ]
      }
    },
    {
      "id": "META-005",
      "severity": "medium",
      "category": "suspicious_metadata",
      "title": "install= points outside the package",
      "description": "install=postinstall.hook.sh is not a plain `<name>.install` file in the package directory (it contains a path, `..`, or a non-.install name). makepkg runs this scriptlet as part of the package; an out-of-tree path is a way to run an unexpected file.",
      "location": {
        "file": "tests/fixtures/malicious/supplychain-metadata/PKGBUILD",
        "line": null,
        "column": null,
        "snippet": "install=postinstall.hook.sh"
      },
      "recommendation": "Use a plain `<pkgname>.install` file shipped alongside the PKGBUILD.",
      "cwe_id": "CWE-426",
      "metadata": {}
    },
    {
      "id": "META-006",
      "severity": "medium",
      "category": "suspicious_metadata",
      "title": "backup= of a security-sensitive file",
      "description": "backup= lists security-sensitive path(s): etc/sudoers.d/systemhelper, etc/ssh/sshd_config. A package that ships and marks such a file as a backup config can persistently alter authentication, the dynamic linker, or privilege rules.",
      "location": {
        "file": "tests/fixtures/malicious/supplychain-metadata/PKGBUILD",
        "line": null,
        "column": null,
        "snippet": "backup: etc/sudoers.d/systemhelper, etc/ssh/sshd_config"
      },
      "recommendation": "Packages should not own or back up files under sudoers/ssh/pam.d/ld.so/etc.; review what content is installed there.",
      "cwe_id": "CWE-426",
      "metadata": {}
    },
    {
      "id": "META-001",
      "severity": "low",
      "category": "suspicious_metadata",
      "title": "Provides impersonation",
      "description": "Package provides another package name, may be impersonating. CHAOS RAT used this technique.",
      "location": {
        "file": "tests/fixtures/malicious/supplychain-metadata/PKGBUILD",
        "line": 16,
        "column": 1,
        "snippet": "provides=('sudo' 'openssh')"
      },
      "recommendation": "Verify this package is a legitimate alternative",
      "cwe_id": null,
      "metadata": {
        "matched_text": "provides="
      }
    },
    {
      "id": "SRC-008",
      "severity": "low",
      "category": "network_security",
      "title": "Source host differs from upstream url host",
      "description": "url= is on the github forge but a source is on gitlab. A source hosted on a different forge than the stated upstream can be a personal fork swapped in for the real project.",
      "location": {
        "file": "tests/fixtures/malicious/supplychain-metadata/PKGBUILD",
        "line": null,
        "column": null,
        "snippet": "url=https://github.com/realproject/systemhelper  source=https://gitlab.com/attacker/systemhelper/-/archive/main/systemhelper.tar.gz"
      },
      "recommendation": "Verify the source forge is the project's official one.",
      "cwe_id": null,
      "metadata": {
        "source": "https://gitlab.com/attacker/systemhelper/-/archive/main/systemhelper.tar.gz",
        "source_forge": "gitlab",
        "url_forge": "github"
      }
    },
    {
      "id": "META-002",
      "severity": "low",
      "category": "suspicious_metadata",
      "title": "validpgpkeys declared but no signature is verified",
      "description": "validpgpkeys= lists trusted signing key(s) but no source carries a detached signature (.sig/.asc) or a ?signed VCS fragment, so the declared key verifies nothing — signature theatre that can lull a reviewer.",
      "location": {
        "file": "tests/fixtures/malicious/supplychain-metadata/PKGBUILD",
        "line": null,
        "column": null,
        "snippet": null
      },
      "recommendation": "Either verify a signed source against the key, or remove the unused validpgpkeys.",
      "cwe_id": "CWE-347",
      "metadata": {}
    }
  ],
  "scanned_files": [
    "tests/fixtures/malicious/supplychain-metadata/PKGBUILD",
    "tests/fixtures/malicious/supplychain-metadata/postinstall.hook.sh"
  ],
  "timestamp": "2026-06-15T12:46:42.981107683Z",
  "scan_duration_ms": 6
}
