{
  "entries": [
    {
      "id": "ATOMIC-001",
      "name": "Atomic Arch malicious npm/bun package",
      "severity": "critical",
      "category": "malicious_code",
      "description": "References a known-malicious package from the June 2026 'Atomic Arch' AUR supply-chain campaign (atomic-lockfile, js-digest, lockfile-js). These pull an infostealer and eBPF rootkit during the build/install phase.",
      "recommendation": "Do NOT build. This is a known-malicious dependency. Remove the package and treat the host as compromised: rotate credentials (SSH, npm/GitHub tokens, browser sessions).",
      "cwe": "CWE-506",
      "owner": "rules",
      "pattern_based": true
    },
    {
      "id": "ATOMIC-002",
      "name": "Node/Bun package manager in install hook",
      "severity": "critical",
      "category": "malicious_code",
      "description": "Invokes npm/pnpm/yarn/bun (or the npx/bunx runners) to install or run packages from an install hook. The June 2026 'Atomic Arch' campaign added post-install hooks running `npm install atomic-lockfile` / `bun install js-digest`. Legitimate packages never fetch or execute npm/bun packages during the install phase. `npm ci`, `npm rebuild`, `npm exec`, `pnpm dlx`, `yarn dlx`, and the bare `npx <pkg>` / `bunx <pkg>` runners all fetch-and-run lifecycle/remote code just like `install`.",
      "recommendation": "Install scripts must never fetch or install npm/bun packages. Inspect the PKGBUILD diff and report the package to the AUR maintainers.",
      "cwe": "CWE-494",
      "owner": "rules",
      "pattern_based": true
    },
    {
      "id": "ATOMIC-003",
      "name": "eBPF rootkit / payload artifact",
      "severity": "critical",
      "category": "persistence",
      "description": "References the eBPF rootkit object (scales.bpf.c) or the 'deps' hook path used by the June 2026 'Atomic Arch' payload to gain rootkit-like capabilities and hide itself.",
      "recommendation": "This is a rootkit dropper artifact. Do not build; treat the host as compromised and reinstall rather than clean.",
      "cwe": "CWE-506",
      "owner": "rules",
      "pattern_based": true
    },
    {
      "id": "BROWSER-001",
      "name": "Browser profile access",
      "severity": "critical",
      "category": "credential_theft",
      "description": "Accessing browser profiles may indicate credential theft",
      "recommendation": "Package should never access browser profiles",
      "cwe": "CWE-522",
      "owner": "rules",
      "pattern_based": true
    },
    {
      "id": "BROWSER-002",
      "name": "Browser database access",
      "severity": "critical",
      "category": "credential_theft",
      "description": "Accessing browser SQLite databases (passwords, cookies, history)",
      "recommendation": "Package should never access browser databases",
      "cwe": "CWE-522",
      "owner": "rules",
      "pattern_based": true
    },
    {
      "id": "CHK-001",
      "name": "No checksums for sources",
      "severity": "high",
      "category": "cryptography",
      "description": "Package sources have no checksum verification.",
      "recommendation": "Provide sha256sums or stronger for every source.",
      "cwe": "CWE-354",
      "owner": "checksum",
      "pattern_based": false
    },
    {
      "id": "CHK-002",
      "name": "MD5 checksums used",
      "severity": "medium",
      "category": "cryptography",
      "description": "MD5 is cryptographically broken.",
      "recommendation": "Replace md5sums with sha256sums or sha512sums.",
      "cwe": "CWE-328",
      "owner": "checksum",
      "pattern_based": false
    },
    {
      "id": "CHK-003",
      "name": "SHA1 checksums used",
      "severity": "medium",
      "category": "cryptography",
      "description": "SHA1 is cryptographically weak.",
      "recommendation": "Replace sha1sums with sha256sums or sha512sums.",
      "cwe": "CWE-328",
      "owner": "checksum",
      "pattern_based": false
    },
    {
      "id": "CHK-004",
      "name": "Some sources use SKIP checksum",
      "severity": "medium",
      "category": "cryptography",
      "description": "Some non-VCS sources skip integrity verification.",
      "recommendation": "Provide real checksums for non-VCS sources.",
      "cwe": "CWE-354",
      "owner": "checksum",
      "pattern_based": false
    },
    {
      "id": "CHK-005",
      "name": "All non-VCS sources use SKIP",
      "severity": "high",
      "category": "cryptography",
      "description": "No integrity verification is performed on any non-VCS source.",
      "recommendation": "Provide real checksums for non-VCS sources.",
      "cwe": "CWE-354",
      "owner": "checksum",
      "pattern_based": false
    },
    {
      "id": "CHK-006",
      "name": "Checksum count mismatch",
      "severity": "high",
      "category": "configuration",
      "description": "The number of checksums does not match the number of sources.",
      "recommendation": "Align the checksum array with the source array.",
      "cwe": null,
      "owner": "checksum",
      "pattern_based": false
    },
    {
      "id": "CHK-008",
      "name": "Malformed or wrong-length checksum",
      "severity": "medium",
      "category": "cryptography",
      "description": "A checksum is not valid hex of the algorithm's expected length (md5=32, sha1=40, sha256=64, sha512/b2=128).",
      "recommendation": "Regenerate checksums with updpkgsums; a malformed hash silently disables integrity verification.",
      "cwe": "CWE-354",
      "owner": "checksum",
      "pattern_based": false
    },
    {
      "id": "CRED-001",
      "name": "SSH key access",
      "severity": "critical",
      "category": "credential_theft",
      "description": "Accessing SSH private keys during build/install",
      "recommendation": "Package should never access user SSH keys",
      "cwe": "CWE-522",
      "owner": "rules",
      "pattern_based": true
    },
    {
      "id": "CRED-002",
      "name": "GPG key access",
      "severity": "critical",
      "category": "credential_theft",
      "description": "Accessing GPG keyring during build/install",
      "recommendation": "Package should never access user GPG keys",
      "cwe": "CWE-522",
      "owner": "rules",
      "pattern_based": true
    },
    {
      "id": "CRED-003",
      "name": "Password file access",
      "severity": "critical",
      "category": "credential_theft",
      "description": "Accessing password files or credential stores",
      "recommendation": "Package should never access credential stores",
      "cwe": "CWE-522",
      "owner": "rules",
      "pattern_based": true
    },
    {
      "id": "CRED-004",
      "name": "Cloud / CI credential file access",
      "severity": "high",
      "category": "credential_theft",
      "description": "Reads cloud or CI credential files (gcloud, docker config, npmrc, pypirc, cargo/terraform credentials, git-credentials).",
      "recommendation": "Verify why a build/install touches credential files.",
      "cwe": "CWE-522",
      "owner": "rules",
      "pattern_based": true
    },
    {
      "id": "CRED-005",
      "name": "Keyring / wallet access",
      "severity": "critical",
      "category": "credential_theft",
      "description": "Reads OS keyrings (gnome-keyring/kwallet/secret-tool) or crypto wallet files (electrum/bitcoin/metamask/keystore).",
      "recommendation": "Do not build. This harvests secrets/wallets.",
      "cwe": "CWE-522",
      "owner": "rules",
      "pattern_based": true
    },
    {
      "id": "CRED-008",
      "name": "Environment/secret dump",
      "severity": "high",
      "category": "credential_theft",
      "description": "Dumping the environment (env/printenv) to a file or pipe to curl/nc/base64 — harvests tokens and secrets exposed as env vars.",
      "recommendation": "Remove. Packages have no reason to dump the environment.",
      "cwe": "CWE-522",
      "owner": "rules",
      "pattern_based": true
    },
    {
      "id": "CRYPTO-001",
      "name": "Mining pool connection",
      "severity": "critical",
      "category": "cryptomining",
      "description": "Connection to cryptocurrency mining pools",
      "recommendation": "Remove cryptomining components",
      "cwe": "CWE-506",
      "owner": "rules",
      "pattern_based": true
    },
    {
      "id": "CRYPTO-002",
      "name": "Cryptominer binary",
      "severity": "critical",
      "category": "cryptomining",
      "description": "Known cryptocurrency miner executable names",
      "recommendation": "Remove cryptomining components",
      "cwe": "CWE-506",
      "owner": "rules",
      "pattern_based": true
    },
    {
      "id": "CRYPTO-003",
      "name": "Monero/Bitcoin wallet address",
      "severity": "critical",
      "category": "cryptomining",
      "description": "Cryptocurrency wallet addresses indicate mining or theft",
      "recommendation": "Wallet addresses in packages are highly suspicious",
      "cwe": "CWE-506",
      "owner": "rules",
      "pattern_based": true
    },
    {
      "id": "DEEP-001",
      "name": "Decode-and-execute flow",
      "severity": "critical",
      "category": "obfuscation",
      "description": "The file decodes/decompresses data and dynamically executes shell input, possibly across lines.",
      "recommendation": "Decode and review the payload manually.",
      "cwe": "CWE-506",
      "owner": "deep",
      "pattern_based": false
    },
    {
      "id": "DEEP-002",
      "name": "Large embedded encoded blob",
      "severity": "high",
      "category": "obfuscation",
      "description": "A large base64-like blob is embedded in the package.",
      "recommendation": "Decode and verify the blob is legitimate data.",
      "cwe": "CWE-506",
      "owner": "deep",
      "pattern_based": false
    },
    {
      "id": "DEP-001",
      "name": "Provides a core package name (dependency confusion)",
      "severity": "high",
      "category": "suspicious_metadata",
      "description": "provides= a curated core package name from a package that is not that package's own alternate, satisfying a dependency in its place.",
      "recommendation": "Remove the provides unless this is the legitimate provider.",
      "cwe": "CWE-427",
      "owner": "metadata",
      "pattern_based": false
    },
    {
      "id": "DEP-003",
      "name": "Package index/registry override",
      "severity": "high",
      "category": "dependencies",
      "description": "Redirects a language package manager to a non-default index/registry (pip --index-url, npm registry, GOPROXY, etc.) — a dependency-confusion vector.",
      "recommendation": "Verify the index host; overriding the registry redirects dependencies to an attacker source.",
      "cwe": "CWE-494",
      "owner": "rules",
      "pattern_based": true
    },
    {
      "id": "DLE-001",
      "name": "Curl pipe to shell",
      "severity": "critical",
      "category": "command_injection",
      "description": "Downloading and executing remote scripts is extremely dangerous. Used in 2018 xeactor attack.",
      "recommendation": "Download scripts first, review them, then execute",
      "cwe": "CWE-94",
      "owner": "rules",
      "pattern_based": true
    },
    {
      "id": "DLE-002",
      "name": "Wget pipe to shell",
      "severity": "critical",
      "category": "command_injection",
      "description": "Downloading and executing remote scripts via wget",
      "recommendation": "Download scripts first, review them, then execute",
      "cwe": "CWE-94",
      "owner": "rules",
      "pattern_based": true
    },
    {
      "id": "DLE-003",
      "name": "Curl output executed",
      "severity": "critical",
      "category": "command_injection",
      "description": "Curl output saved and executed - common malware pattern",
      "recommendation": "Review downloaded scripts before execution",
      "cwe": "CWE-94",
      "owner": "rules",
      "pattern_based": true
    },
    {
      "id": "ENV-001",
      "name": "LD_PRELOAD manipulation",
      "severity": "critical",
      "category": "malicious_code",
      "description": "LD_PRELOAD can be used to inject malicious libraries",
      "recommendation": "LD_PRELOAD manipulation is extremely suspicious",
      "cwe": "CWE-426",
      "owner": "rules",
      "pattern_based": true
    },
    {
      "id": "ENV-002",
      "name": "PATH manipulation",
      "severity": "high",
      "category": "malicious_code",
      "description": "Modifying PATH to hijack commands",
      "recommendation": "PATH manipulation in install scripts is suspicious",
      "cwe": "CWE-426",
      "owner": "rules",
      "pattern_based": true
    },
    {
      "id": "ENV-003",
      "name": "Bashrc/profile modification",
      "severity": "critical",
      "category": "persistence",
      "description": "Modifying shell config for persistence",
      "recommendation": "Packages should not modify shell configuration",
      "cwe": "CWE-506",
      "owner": "rules",
      "pattern_based": true
    },
    {
      "id": "EXAMPLE-001",
      "name": "Example: references example.com",
      "severity": "info",
      "category": "configuration",
      "description": "Demonstration rule. Flags any source/command that references example.com.",
      "recommendation": "This is only an example rule; delete or replace it.",
      "cwe": null,
      "owner": "user",
      "pattern_based": true
    },
    {
      "id": "EXEC-002",
      "name": "Shell -c command substitution fetch",
      "severity": "critical",
      "category": "malicious_code",
      "description": "sh -c \"$(curl ...)\" — fetches and runs remote code without an explicit pipe, evading the curl|sh rules.",
      "recommendation": "Do not build. This runs code fetched from a URL.",
      "cwe": "CWE-494",
      "owner": "rules",
      "pattern_based": true
    },
    {
      "id": "EXEC-005",
      "name": "Detached background execution",
      "severity": "medium",
      "category": "malicious_code",
      "description": "Launches a fetched/dropped payload detached from the build (setsid/nohup), so it keeps running after install.",
      "recommendation": "Review the detached process; this outlives the install.",
      "cwe": "CWE-506",
      "owner": "rules",
      "pattern_based": true
    },
    {
      "id": "EXEC-006",
      "name": "sqlite3 shell-command execution",
      "severity": "high",
      "category": "malicious_code",
      "description": "sqlite3's `.shell`/`.system` dot-commands run an arbitrary shell command, and `.import` can read an attacker-controlled file — an exec/RCE vector hidden inside what looks like a database call. Legitimate packages do not drive sqlite3 through these meta-commands.",
      "recommendation": "Do not build. sqlite3 .shell/.system run arbitrary commands; report the package.",
      "cwe": "CWE-94",
      "owner": "rules",
      "pattern_based": true
    },
    {
      "id": "EXEC-007",
      "name": "make reads a Makefile from stdin",
      "severity": "high",
      "category": "command_injection",
      "description": "`make -f -` / `make -f /dev/stdin` executes a Makefile fed on standard input (commonly the tail of a `curl ... | make -f -` fetch-and-run). A Makefile is arbitrary shell recipes, so this is RCE from an unverified source. Normal `make` / `make -f Makefile` builds are unaffected.",
      "recommendation": "Review the Makefile source; building a Makefile read from stdin/a pipe runs unverified recipes.",
      "cwe": "CWE-94",
      "owner": "rules",
      "pattern_based": true
    },
    {
      "id": "EXEC-REMOTE",
      "name": "Fetches and runs external code",
      "severity": "critical",
      "category": "malicious_code",
      "description": "The package downloads and executes code from an external URL at build/install time; the scanner does not follow it (opaque boundary).",
      "recommendation": "Do not build; obtain software that ships its real code.",
      "cwe": "CWE-494",
      "owner": "remote_exec",
      "pattern_based": false
    },
    {
      "id": "EXFIL-001",
      "name": "Curl POST data exfiltration",
      "severity": "critical",
      "category": "data_exfiltration",
      "description": "Sending data to external servers via curl POST",
      "recommendation": "Build/install should not send data externally",
      "cwe": "CWE-200",
      "owner": "rules",
      "pattern_based": true
    },
    {
      "id": "EXFIL-002",
      "name": "Netcat data transfer",
      "severity": "critical",
      "category": "data_exfiltration",
      "description": "Using netcat to transfer data externally",
      "recommendation": "Netcat should not be piping data in build scripts",
      "cwe": "CWE-200",
      "owner": "rules",
      "pattern_based": true
    },
    {
      "id": "EXFIL-003",
      "name": "Discord/Telegram webhook",
      "severity": "critical",
      "category": "data_exfiltration",
      "description": "Webhook URLs can be used for C2 communication or data exfiltration",
      "recommendation": "Webhook URLs in packages are highly suspicious",
      "cwe": "CWE-506",
      "owner": "rules",
      "pattern_based": true
    },
    {
      "id": "EXFIL-004",
      "name": "DNS exfiltration",
      "severity": "critical",
      "category": "data_exfiltration",
      "description": "Data smuggled out via DNS lookups (dig/nslookup/host of a command-substituted subdomain, or a TXT query to an attacker domain).",
      "recommendation": "Review the destination domain; this pattern smuggles data over DNS.",
      "cwe": "CWE-200",
      "owner": "rules",
      "pattern_based": true
    },
    {
      "id": "EXFIL-006",
      "name": "HTTP upload exfiltration",
      "severity": "high",
      "category": "data_exfiltration",
      "description": "curl uploading a local file (-T/--upload-file/-F/--data-urlencode) — used to send harvested data to an attacker endpoint.",
      "recommendation": "Verify what is being uploaded and to where.",
      "cwe": "CWE-200",
      "owner": "rules",
      "pattern_based": true
    },
    {
      "id": "EXFIL-007",
      "name": "wget POST exfiltration",
      "severity": "high",
      "category": "data_exfiltration",
      "description": "wget --post-data/--post-file sending local data to a remote endpoint.",
      "recommendation": "Verify what is being posted and to where.",
      "cwe": "CWE-200",
      "owner": "rules",
      "pattern_based": true
    },
    {
      "id": "EXFIL-008",
      "name": "Slack/Teams webhook exfiltration",
      "severity": "critical",
      "category": "data_exfiltration",
      "description": "Posting to a Slack or Microsoft Teams incoming webhook — a common low-friction exfil/C2 channel.",
      "recommendation": "Remove. Packages do not post to chat webhooks during build/install.",
      "cwe": "CWE-200",
      "owner": "rules",
      "pattern_based": true
    },
    {
      "id": "EXFIL-009",
      "name": "Anonymous file-drop / tunnel host",
      "severity": "high",
      "category": "data_exfiltration",
      "description": "Uploads to a throwaway file-drop or tunnels through ngrok/webhook.site/requestbin/IPFS — exfil and ad-hoc C2 endpoints.",
      "recommendation": "Review the destination; these are common exfil/C2 hosts.",
      "cwe": "CWE-200",
      "owner": "rules",
      "pattern_based": true
    },
    {
      "id": "FUNC-001",
      "name": "Network access in a build function",
      "severity": "high",
      "category": "network_security",
      "description": "A build/package function performs network access (curl/wget/fetch); downloads belong in the source array.",
      "recommendation": "Move downloads to the source= array.",
      "cwe": null,
      "owner": "pattern",
      "pattern_based": false
    },
    {
      "id": "HIDDEN-001",
      "name": "Hidden file creation in home",
      "severity": "high",
      "category": "malicious_code",
      "description": "Creating hidden files in user home directory",
      "recommendation": "Packages should not create hidden files in user home",
      "cwe": null,
      "owner": "rules",
      "pattern_based": true
    },
    {
      "id": "HIDDEN-002",
      "name": "Tmp directory execution",
      "severity": "high",
      "category": "malicious_code",
      "description": "Executing from /tmp is suspicious. CHAOS RAT placed binary in /tmp.",
      "recommendation": "Packages should not execute from /tmp",
      "cwe": null,
      "owner": "rules",
      "pattern_based": true
    },
    {
      "id": "HIDDEN-003",
      "name": "Binary in non-standard location",
      "severity": "high",
      "category": "malicious_code",
      "description": "Placing binaries in /usr/local/share or ~/.local/share. Used by CHAOS RAT.",
      "recommendation": "Binaries should be placed in standard locations",
      "cwe": null,
      "owner": "rules",
      "pattern_based": true
    },
    {
      "id": "INSTALL-001",
      "name": "Python execution in install script",
      "severity": "critical",
      "category": "malicious_code",
      "description": "Executing Python in post_install is suspicious. Used in July 2025 CHAOS RAT attack.",
      "recommendation": "Install scripts should not execute Python code",
      "cwe": "CWE-94",
      "owner": "rules",
      "pattern_based": true
    },
    {
      "id": "INSTALL-002",
      "name": "Binary execution in install script",
      "severity": "high",
      "category": "malicious_code",
      "description": "Executing binaries from /opt or package directories during install",
      "recommendation": "Review any binary execution during installation",
      "cwe": "CWE-94",
      "owner": "rules",
      "pattern_based": true
    },
    {
      "id": "INSTALL-003",
      "name": "Network access in install script",
      "severity": "critical",
      "category": "network_security",
      "description": "Install scripts should not make network connections",
      "recommendation": "Install scripts should never download additional content",
      "cwe": "CWE-494",
      "owner": "rules",
      "pattern_based": true
    },
    {
      "id": "INSTALL-004",
      "name": "Language package manager invoked in install hook",
      "severity": "critical",
      "category": "malicious_code",
      "description": "An install scriptlet invokes a language package manager to fetch/install packages. Installing a package runs its arbitrary build/lifecycle scripts (preinstall, build.rs, setup.py, go generate, ...) at install time -- a remote code execution vector. The June 2026 Atomic Arch campaign used `npm install` this way (see ATOMIC-002); the same applies to pip, poetry, uv, pdm, cargo, go, gem, composer, conda, deno, and others.",
      "recommendation": "Install hooks must never fetch or install packages. Declare real dependencies in depends/makedepends and handle sources in the source= array; report the package to the AUR maintainers.",
      "cwe": "CWE-494",
      "owner": "rules",
      "pattern_based": true
    },
    {
      "id": "IOC-001",
      "name": "Known indicator-of-compromise match",
      "severity": "critical",
      "category": "malicious_code",
      "description": "Content matches a known IOC (malicious npm/bun package, file artifact, or C2 domain).",
      "recommendation": "Do not build; treat the host as compromised if already built.",
      "cwe": "CWE-506",
      "owner": "ioc",
      "pattern_based": false
    },
    {
      "id": "META-001",
      "name": "Provides impersonation",
      "severity": "low",
      "category": "suspicious_metadata",
      "description": "Package provides another package name, may be impersonating. CHAOS RAT used this technique.",
      "recommendation": "Verify this package is a legitimate alternative",
      "cwe": null,
      "owner": "rules",
      "pattern_based": true
    },
    {
      "id": "META-002",
      "name": "validpgpkeys declared but no signature verified",
      "severity": "low",
      "category": "suspicious_metadata",
      "description": "validpgpkeys= lists signing keys but no source carries a detached signature or ?signed fragment, so the key verifies nothing.",
      "recommendation": "Verify a signed source against the key, or remove the unused validpgpkeys.",
      "cwe": "CWE-347",
      "owner": "metadata",
      "pattern_based": false
    },
    {
      "id": "META-003",
      "name": "Replaces/conflicts a core or security package",
      "severity": "high",
      "category": "suspicious_metadata",
      "description": "replaces=/conflicts= forces pacman to displace an official (often security-critical) package with this AUR build.",
      "recommendation": "Remove unless this is the legitimate provider; report to the AUR maintainers.",
      "cwe": "CWE-1357",
      "owner": "metadata",
      "pattern_based": false
    },
    {
      "id": "META-004",
      "name": "epoch set (forces upgrade over the repo version)",
      "severity": "low",
      "category": "suspicious_metadata",
      "description": "epoch>=1 makes the package outrank the official version regardless of pkgver; escalates when combined with provides/replaces of a trusted name.",
      "recommendation": "Confirm the epoch is a real upstream versioning reset, not a stealth supersede.",
      "cwe": null,
      "owner": "metadata",
      "pattern_based": false
    },
    {
      "id": "META-005",
      "name": "install= points outside the package",
      "severity": "medium",
      "category": "suspicious_metadata",
      "description": "install= is not a plain <name>.install file (contains a path, .., or non-.install name).",
      "recommendation": "Use a plain <pkgname>.install shipped with the PKGBUILD.",
      "cwe": "CWE-426",
      "owner": "metadata",
      "pattern_based": false
    },
    {
      "id": "META-006",
      "name": "backup= of a security-sensitive file",
      "severity": "medium",
      "category": "suspicious_metadata",
      "description": "backup= lists a security-sensitive path (sudoers/ssh/pam.d/ld.so/etc.), a persistent root-level tamper surface.",
      "recommendation": "Packages should not own/back up authentication, linker, or privilege files.",
      "cwe": "CWE-426",
      "owner": "metadata",
      "pattern_based": false
    },
    {
      "id": "OBF-001",
      "name": "Base64 decoding",
      "severity": "high",
      "category": "obfuscation",
      "description": "Base64 decoding may hide malicious payloads",
      "recommendation": "Decode and review the base64 content manually",
      "cwe": "CWE-506",
      "owner": "rules",
      "pattern_based": true
    },
    {
      "id": "OBF-002",
      "name": "Eval usage",
      "severity": "high",
      "category": "command_injection",
      "description": "Eval can execute obfuscated malicious code",
      "recommendation": "Avoid eval; use direct commands instead",
      "cwe": "CWE-95",
      "owner": "rules",
      "pattern_based": true
    },
    {
      "id": "OBF-003",
      "name": "Hex-encoded payload",
      "severity": "high",
      "category": "obfuscation",
      "description": "Hex encoding can hide malicious payloads",
      "recommendation": "Decode and review hex-encoded content",
      "cwe": "CWE-506",
      "owner": "rules",
      "pattern_based": true
    },
    {
      "id": "OBF-004",
      "name": "String concatenation obfuscation",
      "severity": "medium",
      "category": "obfuscation",
      "description": "Concatenating strings to hide commands",
      "recommendation": "Review concatenated strings carefully",
      "cwe": null,
      "owner": "rules",
      "pattern_based": true
    },
    {
      "id": "OBF-005",
      "name": "Gzip decode execution",
      "severity": "high",
      "category": "obfuscation",
      "description": "Decompressing and executing payloads",
      "recommendation": "Decompress and review content before execution",
      "cwe": "CWE-94",
      "owner": "rules",
      "pattern_based": true
    },
    {
      "id": "OBF-006",
      "name": "Quote-splitting / character obfuscation",
      "severity": "high",
      "category": "obfuscation",
      "description": "A command is assembled from adjacent single-character quoted fragments (e.g. \"b\"'u''n') or ANSI-C escapes to hide it from literal matching. This is almost exclusively a malware evasion technique; aur-scan also reports the decoded command via its other rules.",
      "recommendation": "De-obfuscate the command and review what it actually runs.",
      "cwe": "CWE-506",
      "owner": "rules",
      "pattern_based": true
    },
    {
      "id": "OBF-007",
      "name": "printf character assembly",
      "severity": "high",
      "category": "obfuscation",
      "description": "A command assembled from printf hex/octal escapes (printf '\\x63\\x64' = 'cd') to hide it from literal matching.",
      "recommendation": "Decode the printf escapes and review the assembled command.",
      "cwe": "CWE-506",
      "owner": "rules",
      "pattern_based": true
    },
    {
      "id": "OBF-008",
      "name": "Alternate-encoding decode",
      "severity": "high",
      "category": "obfuscation",
      "description": "Decoding base32/base16 (an alternative to base64) to reconstruct a hidden payload.",
      "recommendation": "Decode and review the content.",
      "cwe": "CWE-506",
      "owner": "rules",
      "pattern_based": true
    },
    {
      "id": "OBF-011",
      "name": "Interpreter here-string execution",
      "severity": "high",
      "category": "obfuscation",
      "description": "Feeding an assembled string to a shell via a here-string (sh <<< ...) — a common way to run a string that was built to dodge matching.",
      "recommendation": "Review the here-string; this executes an assembled command.",
      "cwe": "CWE-94",
      "owner": "rules",
      "pattern_based": true
    },
    {
      "id": "PASTE-001",
      "name": "Pastebin download",
      "severity": "critical",
      "category": "malicious_code",
      "description": "Downloading from paste sites is a common malware technique. Used in 2018 xeactor attack via ptpb.pw",
      "recommendation": "Never download code from paste sites - this is a major red flag",
      "cwe": "CWE-506",
      "owner": "rules",
      "pattern_based": true
    },
    {
      "id": "PERSIST-001",
      "name": "Systemd service creation in install",
      "severity": "critical",
      "category": "persistence",
      "description": "Creating systemd services in install scripts enables persistence. Used in 2018 xeactor and 2025 CHAOS RAT attacks.",
      "recommendation": "Services should be enabled by the user, not automatically",
      "cwe": "CWE-506",
      "owner": "rules",
      "pattern_based": true
    },
    {
      "id": "PERSIST-002",
      "name": "Systemd timer creation",
      "severity": "critical",
      "category": "persistence",
      "description": "Creating systemd timers enables periodic malware execution. Used in 2018 xeactor attack.",
      "recommendation": "Timers should be user-controlled; review carefully",
      "cwe": "CWE-506",
      "owner": "rules",
      "pattern_based": true
    },
    {
      "id": "PERSIST-003",
      "name": "Cron job creation",
      "severity": "high",
      "category": "persistence",
      "description": "Creating cron jobs for persistence",
      "recommendation": "Cron jobs should be managed by the user",
      "cwe": null,
      "owner": "rules",
      "pattern_based": true
    },
    {
      "id": "PERSIST-004",
      "name": "rc.local modification",
      "severity": "critical",
      "category": "persistence",
      "description": "Modifying rc.local for boot persistence",
      "recommendation": "Packages should not modify boot scripts",
      "cwe": "CWE-506",
      "owner": "rules",
      "pattern_based": true
    },
    {
      "id": "PERSIST-005",
      "name": "XDG autostart creation",
      "severity": "high",
      "category": "persistence",
      "description": "Creating autostart entries enables persistence at user login",
      "recommendation": "Autostart entries should be user-controlled",
      "cwe": null,
      "owner": "rules",
      "pattern_based": true
    },
    {
      "id": "PERSIST-006",
      "name": "Systemd masquerading",
      "severity": "critical",
      "category": "persistence",
      "description": "Binary named like systemd component is suspicious. CHAOS RAT used 'systemd-initd'.",
      "recommendation": "Verify this is a legitimate systemd component",
      "cwe": "CWE-506",
      "owner": "rules",
      "pattern_based": true
    },
    {
      "id": "PRIV-001",
      "name": "Sudo usage in a build function",
      "severity": "critical",
      "category": "privilege_escalation",
      "description": "A PKGBUILD function uses sudo, which is never needed during a build.",
      "recommendation": "Remove sudo; makepkg handles permissions.",
      "cwe": "CWE-250",
      "owner": "privilege",
      "pattern_based": false
    },
    {
      "id": "PRIV-002",
      "name": "SUID/SGID bit set in a function",
      "severity": "critical",
      "category": "privilege_escalation",
      "description": "A function sets SUID/SGID bits, which can enable privilege escalation.",
      "recommendation": "Avoid SUID; use capabilities or polkit.",
      "cwe": "CWE-732",
      "owner": "privilege",
      "pattern_based": false
    },
    {
      "id": "PRIV-003",
      "name": "Sudoers modification",
      "severity": "critical",
      "category": "privilege_escalation",
      "description": "A function modifies sudoers.",
      "recommendation": "Packages must never modify sudoers.",
      "cwe": "CWE-250",
      "owner": "privilege",
      "pattern_based": false
    },
    {
      "id": "PRIV-004",
      "name": "Capabilities being set",
      "severity": "medium",
      "category": "privilege_escalation",
      "description": "A function sets file capabilities, granting elevated privileges.",
      "recommendation": "Verify capabilities are necessary and minimal.",
      "cwe": "CWE-250",
      "owner": "privilege",
      "pattern_based": false
    },
    {
      "id": "PRIV-005",
      "name": "Kernel module operations",
      "severity": "high",
      "category": "privilege_escalation",
      "description": "A function performs kernel module operations (insmod/modprobe).",
      "recommendation": "Kernel module handling in a package is suspicious.",
      "cwe": null,
      "owner": "privilege",
      "pattern_based": false
    },
    {
      "id": "PRIV-006",
      "name": "Sudo in an install hook",
      "severity": "high",
      "category": "privilege_escalation",
      "description": "An install scriptlet uses sudo.",
      "recommendation": "Install hooks must not require sudo.",
      "cwe": "CWE-250",
      "owner": "privilege",
      "pattern_based": false
    },
    {
      "id": "PRIV-007",
      "name": "Privileged account manipulation",
      "severity": "critical",
      "category": "privilege_escalation",
      "description": "Creates or elevates an account to uid 0 / the wheel or sudo group — a backdoor-admin pattern.",
      "recommendation": "Do not build. This grants an account administrative access.",
      "cwe": "CWE-269",
      "owner": "rules",
      "pattern_based": true
    },
    {
      "id": "PRIV-008",
      "name": "Password manipulation",
      "severity": "critical",
      "category": "privilege_escalation",
      "description": "Sets, resets, or clears an account password (chpasswd / passwd -d / piped passwd).",
      "recommendation": "Do not build. This changes account credentials.",
      "cwe": "CWE-269",
      "owner": "rules",
      "pattern_based": true
    },
    {
      "id": "PROV-001",
      "name": "Package gained risky behavior",
      "severity": "high",
      "category": "suspicious_metadata",
      "description": "The package introduced fetch/execute behavior it did not have at the previous scan.",
      "recommendation": "Review the PKGBUILD/install diff before building.",
      "cwe": "CWE-506",
      "owner": "provenance",
      "pattern_based": false
    },
    {
      "id": "SHELL-001",
      "name": "Bash reverse shell",
      "severity": "critical",
      "category": "malicious_code",
      "description": "Pattern indicates a bash reverse shell connection",
      "recommendation": "Remove reverse shell code immediately",
      "cwe": "CWE-506",
      "owner": "rules",
      "pattern_based": true
    },
    {
      "id": "SHELL-002",
      "name": "Netcat reverse shell",
      "severity": "critical",
      "category": "malicious_code",
      "description": "Netcat with execute flag indicates reverse shell",
      "recommendation": "Remove reverse shell code immediately",
      "cwe": "CWE-506",
      "owner": "rules",
      "pattern_based": true
    },
    {
      "id": "SHELL-003",
      "name": "Python reverse shell",
      "severity": "critical",
      "category": "malicious_code",
      "description": "Python socket connection pattern indicates reverse shell",
      "recommendation": "Remove reverse shell code immediately",
      "cwe": "CWE-506",
      "owner": "rules",
      "pattern_based": true
    },
    {
      "id": "SHELL-004",
      "name": "Socat shell",
      "severity": "critical",
      "category": "malicious_code",
      "description": "Socat can be used for reverse shells",
      "recommendation": "Socat TCP connections are suspicious in build scripts",
      "cwe": "CWE-506",
      "owner": "rules",
      "pattern_based": true
    },
    {
      "id": "SHELL-005",
      "name": "Perl reverse shell",
      "severity": "critical",
      "category": "malicious_code",
      "description": "A Perl socket reverse shell (Socket + connect/exec).",
      "recommendation": "Do not build. This is a remote shell.",
      "cwe": "CWE-94",
      "owner": "rules",
      "pattern_based": true
    },
    {
      "id": "SHELL-006",
      "name": "PHP reverse shell",
      "severity": "critical",
      "category": "malicious_code",
      "description": "A PHP reverse shell using fsockopen.",
      "recommendation": "Do not build. This is a remote shell.",
      "cwe": "CWE-94",
      "owner": "rules",
      "pattern_based": true
    },
    {
      "id": "SHELL-007",
      "name": "Ruby/Lua/AWK reverse shell",
      "severity": "critical",
      "category": "malicious_code",
      "description": "A reverse shell via Ruby TCPSocket, Lua socket, or AWK /inet/.",
      "recommendation": "Do not build. This is a remote shell.",
      "cwe": "CWE-94",
      "owner": "rules",
      "pattern_based": true
    },
    {
      "id": "SHELL-008",
      "name": "Node.js reverse shell",
      "severity": "critical",
      "category": "malicious_code",
      "description": "A Node.js reverse shell using the net module.",
      "recommendation": "Do not build. This is a remote shell.",
      "cwe": "CWE-94",
      "owner": "rules",
      "pattern_based": true
    },
    {
      "id": "SHELL-009",
      "name": "OpenSSL-encrypted reverse shell",
      "severity": "critical",
      "category": "malicious_code",
      "description": "openssl s_client used as an encrypted C2 channel.",
      "recommendation": "Do not build. This is an encrypted remote shell.",
      "cwe": "CWE-94",
      "owner": "rules",
      "pattern_based": true
    },
    {
      "id": "SHELL-010",
      "name": "Named-pipe (mkfifo) reverse shell",
      "severity": "critical",
      "category": "malicious_code",
      "description": "mkfifo paired with nc/openssl/ /dev/tcp — the classic backpipe reverse shell that evades `nc -e` detection.",
      "recommendation": "Do not build. This is a remote shell.",
      "cwe": "CWE-94",
      "owner": "rules",
      "pattern_based": true
    },
    {
      "id": "SHELL-011",
      "name": "Busybox/telnet/ncat-ssl shell",
      "severity": "critical",
      "category": "malicious_code",
      "description": "A reverse shell via busybox nc -e, telnet piped to a shell, or ncat --ssl -e.",
      "recommendation": "Do not build. This is a remote shell.",
      "cwe": "CWE-94",
      "owner": "rules",
      "pattern_based": true
    },
    {
      "id": "SRC-001",
      "name": "Insecure source/transport protocol",
      "severity": "medium",
      "category": "network_security",
      "description": "A source uses an insecure transport (http://, ftp://, git://, git+http://), tamperable in transit.",
      "recommendation": "Use https/git+https from a trusted host.",
      "cwe": "CWE-319",
      "owner": "source",
      "pattern_based": false
    },
    {
      "id": "SRC-002",
      "name": "Suspicious source domain",
      "severity": "high",
      "category": "network_security",
      "description": "A source is hosted on a paste/anonymous-file/free-TLD domain.",
      "recommendation": "Use the project's official repository.",
      "cwe": null,
      "owner": "source",
      "pattern_based": false
    },
    {
      "id": "SRC-003",
      "name": "Raw IP address in source URL",
      "severity": "high",
      "category": "network_security",
      "description": "A source URL uses a raw IP address instead of a domain.",
      "recommendation": "Use domain names from trusted sources.",
      "cwe": null,
      "owner": "source",
      "pattern_based": false
    },
    {
      "id": "SRC-004",
      "name": "URL shortener in source",
      "severity": "high",
      "category": "network_security",
      "description": "A source uses a URL shortener that hides the real destination.",
      "recommendation": "Use full URLs to official sources.",
      "cwe": null,
      "owner": "source",
      "pattern_based": false
    },
    {
      "id": "SRC-005",
      "name": "No sources with a build function",
      "severity": "medium",
      "category": "configuration",
      "description": "Package defines build() but has no source array.",
      "recommendation": "Verify this is intentional.",
      "cwe": null,
      "owner": "source",
      "pattern_based": false
    },
    {
      "id": "SRC-006",
      "name": "VCS source from non-standard host",
      "severity": "low",
      "category": "network_security",
      "description": "A git/VCS checkout is from a host outside the common providers.",
      "recommendation": "Verify the upstream host is official.",
      "cwe": null,
      "owner": "source",
      "pattern_based": false
    },
    {
      "id": "SRC-007",
      "name": "VCS source not pinned to a commit",
      "severity": "low",
      "category": "network_security",
      "description": "A git/VCS source uses a movable ref (branch/tag or none), so the fetched content is not integrity-pinned and can change between scan and build.",
      "recommendation": "Pin the VCS source to an immutable revision with #commit=<sha>.",
      "cwe": "CWE-494",
      "owner": "source",
      "pattern_based": false
    },
    {
      "id": "SRC-008",
      "name": "Source host differs from upstream url host",
      "severity": "low",
      "category": "network_security",
      "description": "url= and a source= are both on known forges but different ones (a personal-fork-vs-upstream signal).",
      "recommendation": "Verify the source forge is the project's official one.",
      "cwe": null,
      "owner": "source",
      "pattern_based": false
    },
    {
      "id": "SRC-009",
      "name": "Obfuscated IP in URL",
      "severity": "high",
      "category": "network_security",
      "description": "A source/download URL using an IPv6, hex, octal, or decimal IP literal to evade plain-IPv4 detection.",
      "recommendation": "Resolve and review the host; obfuscated IPs hide the real destination.",
      "cwe": "CWE-94",
      "owner": "rules",
      "pattern_based": true
    },
    {
      "id": "TAMPER-001",
      "name": "Auth database write",
      "severity": "critical",
      "category": "privilege_escalation",
      "description": "Writes directly to /etc/passwd, /etc/shadow, /etc/group or /etc/gshadow — a direct backdoor-account injection.",
      "recommendation": "Do not build. This edits the live auth database.",
      "cwe": "CWE-269",
      "owner": "rules",
      "pattern_based": true
    },
    {
      "id": "TAMPER-002",
      "name": "doas/sudoers nopasswd grant",
      "severity": "critical",
      "category": "privilege_escalation",
      "description": "Grants passwordless privilege via /etc/doas.conf or a NOPASSWD sudoers rule.",
      "recommendation": "Do not build. This grants passwordless root.",
      "cwe": "CWE-269",
      "owner": "rules",
      "pattern_based": true
    },
    {
      "id": "TAMPER-005",
      "name": "PAM tampering",
      "severity": "critical",
      "category": "privilege_escalation",
      "description": "Inserts a permissive PAM module (pam_permit.so) or writes into /etc/pam.d — an authentication bypass.",
      "recommendation": "Do not build. This tampers with authentication.",
      "cwe": "CWE-287",
      "owner": "rules",
      "pattern_based": true
    },
    {
      "id": "TAMPER-011",
      "name": "pacman signature downgrade",
      "severity": "critical",
      "category": "malicious_code",
      "description": "Sets SigLevel = Never in /etc/pacman.conf, disabling package signature verification so future malicious updates are accepted silently.",
      "recommendation": "Do not build. This disables pacman signature checking.",
      "cwe": "CWE-347",
      "owner": "rules",
      "pattern_based": true
    },
    {
      "id": "TAMPER-013",
      "name": "Security control disabled",
      "severity": "high",
      "category": "malicious_code",
      "description": "Disables a firewall, SELinux/AppArmor, or stops a security/audit service.",
      "recommendation": "Do not build. This weakens host security controls.",
      "cwe": "CWE-693",
      "owner": "rules",
      "pattern_based": true
    },
    {
      "id": "TAMPER-017",
      "name": "CA trust anchor injection",
      "severity": "high",
      "category": "malicious_code",
      "description": "Installs a CA certificate into the system trust store — enables MITM of TLS for the whole system.",
      "recommendation": "Verify the certificate; a rogue trust anchor enables TLS MITM.",
      "cwe": "CWE-295",
      "owner": "rules",
      "pattern_based": true
    },
    {
      "id": "TRUST-001",
      "name": "pacman keyring poisoning",
      "severity": "high",
      "category": "malicious_code",
      "description": "Imports and locally-signs an arbitrary key into pacman's trust store (pacman-key --recv-keys/--lsign) so attacker-signed packages are accepted.",
      "recommendation": "Do not build. Packages ship keys via keyring packages, not by importing at build time.",
      "cwe": "CWE-494",
      "owner": "rules",
      "pattern_based": true
    },
    {
      "id": "TRUST-002",
      "name": "GPG key import at build time",
      "severity": "medium",
      "category": "malicious_code",
      "description": "Imports or fetches a GPG key during build/install (gpg --import/--recv-keys/--keyserver).",
      "recommendation": "Verify the key; importing a key to satisfy validpgpkeys from an untrusted source defeats the check.",
      "cwe": "CWE-494",
      "owner": "rules",
      "pattern_based": true
    },
    {
      "id": "URL-001",
      "name": "Raw IP in URL",
      "severity": "high",
      "category": "network_security",
      "description": "URLs with raw IP addresses are suspicious",
      "recommendation": "Use domain names from trusted sources",
      "cwe": null,
      "owner": "rules",
      "pattern_based": true
    },
    {
      "id": "URL-002",
      "name": "URL shortener",
      "severity": "high",
      "category": "network_security",
      "description": "URL shorteners can hide malicious destinations",
      "recommendation": "Always use full URLs from trusted sources",
      "cwe": null,
      "owner": "rules",
      "pattern_based": true
    },
    {
      "id": "URL-003",
      "name": "Dynamic DNS domain",
      "severity": "high",
      "category": "network_security",
      "description": "Dynamic DNS domains are often used for malware C2",
      "recommendation": "Dynamic DNS domains are suspicious in packages",
      "cwe": null,
      "owner": "rules",
      "pattern_based": true
    }
  ]
}
