AUR Security Scanner - Detection Codes
============================================================
116 codes across 13 categories

[Command Injection]
  DLE-001 [Critical] Curl pipe to shell
  DLE-002 [Critical] Wget pipe to shell
  DLE-003 [Critical] Curl output executed
  EXEC-007 [High] make reads a Makefile from stdin
  OBF-002 [High] Eval usage

[Configuration]
  CHK-006 [High] Checksum count mismatch (checksum)
  EXAMPLE-001 [Info] Example: references example.com
  SRC-005 [Medium] No sources with a build function (source)

[Credential Theft]
  BROWSER-001 [Critical] Browser profile access
  BROWSER-002 [Critical] Browser database access
  CRED-001 [Critical] SSH key access
  CRED-002 [Critical] GPG key access
  CRED-003 [Critical] Password file access
  CRED-004 [High] Cloud / CI credential file access
  CRED-005 [Critical] Keyring / wallet access
  CRED-008 [High] Environment/secret dump

[Cryptography]
  CHK-001 [High] No checksums for sources (checksum)
  CHK-002 [Medium] MD5 checksums used (checksum)
  CHK-003 [Medium] SHA1 checksums used (checksum)
  CHK-004 [Medium] Some sources use SKIP checksum (checksum)
  CHK-005 [High] All non-VCS sources use SKIP (checksum)
  CHK-008 [Medium] Malformed or wrong-length checksum (checksum)

[Cryptomining]
  CRYPTO-001 [Critical] Mining pool connection
  CRYPTO-002 [Critical] Cryptominer binary
  CRYPTO-003 [Critical] Monero/Bitcoin wallet address

[Data Exfiltration]
  EXFIL-001 [Critical] Curl POST data exfiltration
  EXFIL-002 [Critical] Netcat data transfer
  EXFIL-003 [Critical] Discord/Telegram webhook
  EXFIL-004 [Critical] DNS exfiltration
  EXFIL-006 [High] HTTP upload exfiltration
  EXFIL-007 [High] wget POST exfiltration
  EXFIL-008 [Critical] Slack/Teams webhook exfiltration
  EXFIL-009 [High] Anonymous file-drop / tunnel host

[Dependencies]
  DEP-003 [High] Package index/registry override

[Malicious Code]
  ATOMIC-001 [Critical] Atomic Arch malicious npm/bun package
  ATOMIC-002 [Critical] Node/Bun package manager in install hook
  ENV-001 [Critical] LD_PRELOAD manipulation
  ENV-002 [High] PATH manipulation
  EXEC-002 [Critical] Shell -c command substitution fetch
  EXEC-005 [Medium] Detached background execution
  EXEC-006 [High] sqlite3 shell-command execution
  EXEC-REMOTE [Critical] Fetches and runs external code (remote_exec)
  HIDDEN-001 [High] Hidden file creation in home
  HIDDEN-002 [High] Tmp directory execution
  HIDDEN-003 [High] Binary in non-standard location
  INSTALL-001 [Critical] Python execution in install script
  INSTALL-002 [High] Binary execution in install script
  INSTALL-004 [Critical] Language package manager invoked in install hook
  IOC-001 [Critical] Known indicator-of-compromise match (ioc)
  PASTE-001 [Critical] Pastebin download
  SHELL-001 [Critical] Bash reverse shell
  SHELL-002 [Critical] Netcat reverse shell
  SHELL-003 [Critical] Python reverse shell
  SHELL-004 [Critical] Socat shell
  SHELL-005 [Critical] Perl reverse shell
  SHELL-006 [Critical] PHP reverse shell
  SHELL-007 [Critical] Ruby/Lua/AWK reverse shell
  SHELL-008 [Critical] Node.js reverse shell
  SHELL-009 [Critical] OpenSSL-encrypted reverse shell
  SHELL-010 [Critical] Named-pipe (mkfifo) reverse shell
  SHELL-011 [Critical] Busybox/telnet/ncat-ssl shell
  TAMPER-011 [Critical] pacman signature downgrade
  TAMPER-013 [High] Security control disabled
  TAMPER-017 [High] CA trust anchor injection
  TRUST-001 [High] pacman keyring poisoning
  TRUST-002 [Medium] GPG key import at build time

[Network Security]
  FUNC-001 [High] Network access in a build function (pattern)
  INSTALL-003 [Critical] Network access in install script
  SRC-001 [Medium] Insecure source/transport protocol (source)
  SRC-002 [High] Suspicious source domain (source)
  SRC-003 [High] Raw IP address in source URL (source)
  SRC-004 [High] URL shortener in source (source)
  SRC-006 [Low] VCS source from non-standard host (source)
  SRC-007 [Low] VCS source not pinned to a commit (source)
  SRC-008 [Low] Source host differs from upstream url host (source)
  SRC-009 [High] Obfuscated IP in URL
  URL-001 [High] Raw IP in URL
  URL-002 [High] URL shortener
  URL-003 [High] Dynamic DNS domain

[Obfuscation]
  DEEP-001 [Critical] Decode-and-execute flow (deep)
  DEEP-002 [High] Large embedded encoded blob (deep)
  OBF-001 [High] Base64 decoding
  OBF-003 [High] Hex-encoded payload
  OBF-004 [Medium] String concatenation obfuscation
  OBF-005 [High] Gzip decode execution
  OBF-006 [High] Quote-splitting / character obfuscation
  OBF-007 [High] printf character assembly
  OBF-008 [High] Alternate-encoding decode
  OBF-011 [High] Interpreter here-string execution

[Persistence]
  ATOMIC-003 [Critical] eBPF rootkit / payload artifact
  ENV-003 [Critical] Bashrc/profile modification
  PERSIST-001 [Critical] Systemd service creation in install
  PERSIST-002 [Critical] Systemd timer creation
  PERSIST-003 [High] Cron job creation
  PERSIST-004 [Critical] rc.local modification
  PERSIST-005 [High] XDG autostart creation
  PERSIST-006 [Critical] Systemd masquerading

[Privilege Escalation]
  PRIV-001 [Critical] Sudo usage in a build function (privilege)
  PRIV-002 [Critical] SUID/SGID bit set in a function (privilege)
  PRIV-003 [Critical] Sudoers modification (privilege)
  PRIV-004 [Medium] Capabilities being set (privilege)
  PRIV-005 [High] Kernel module operations (privilege)
  PRIV-006 [High] Sudo in an install hook (privilege)
  PRIV-007 [Critical] Privileged account manipulation
  PRIV-008 [Critical] Password manipulation
  TAMPER-001 [Critical] Auth database write
  TAMPER-002 [Critical] doas/sudoers nopasswd grant
  TAMPER-005 [Critical] PAM tampering

[Suspicious Metadata]
  DEP-001 [High] Provides a core package name (dependency confusion) (metadata)
  META-001 [Low] Provides impersonation
  META-002 [Low] validpgpkeys declared but no signature verified (metadata)
  META-003 [High] Replaces/conflicts a core or security package (metadata)
  META-004 [Low] epoch set (forces upgrade over the repo version) (metadata)
  META-005 [Medium] install= points outside the package (metadata)
  META-006 [Medium] backup= of a security-sensitive file (metadata)
  PROV-001 [High] Package gained risky behavior (provenance)

Use 'aur-scan explain <CODE>' for details.
Add your own: drop a .toml rule file in ~/.config/aur-scanner/rules.d/
